0 info it worked if it ends with ok
1 verbose cli [ '/usr/bin/node', '/usr/bin/npm', 'view', 'Camera', '--json' ]
2 info using npm@3.5.2
3 info using node@v8.10.0
4 silly mapToRegistry name Camera
5 silly mapToRegistry using default registry
6 silly mapToRegistry registry https://registry.npmjs.org/
7 silly mapToRegistry uri https://registry.npmjs.org/Camera
8 verbose request uri https://registry.npmjs.org/Camera
9 verbose request no auth needed
10 info attempt registry request try #1 at 1:41:07 PM
11 verbose request id b8e2ffc70966d79f
12 verbose etag W/"73cc2a7fcb14b85c1a89fc2fccb797b1"
13 verbose lastModified Sat, 26 May 2018 15:57:01 GMT
14 http request GET https://registry.npmjs.org/Camera
15 http 304 https://registry.npmjs.org/Camera
16 verbose headers { date: 'Sun, 26 Jan 2020 10:41:08 GMT',
16 verbose headers   connection: 'keep-alive',
16 verbose headers   'set-cookie':
16 verbose headers    [ '__cfduid=debfe8ff9d5ea153bea9706bb2c493cb91580035267; expires=Tue, 25-Feb-20 10:41:07 GMT; path=/; domain=.npmjs.org; HttpOnly; SameSite=Lax' ],
16 verbose headers   'cf-ray': '55b1df673927d5af-BOM',
16 verbose headers   'cache-control': 'public, max-age=300',
16 verbose headers   etag: '"73cc2a7fcb14b85c1a89fc2fccb797b1"',
16 verbose headers   'last-modified': 'Sat, 26 May 2018 15:57:01 GMT',
16 verbose headers   vary: 'Accept-Encoding',
16 verbose headers   'cf-cache-status': 'REVALIDATED',
16 verbose headers   'expect-ct': 'max-age=604800, report-uri="https://report-uri.cloudflare.com/cdn-cgi/beacon/expect-ct"',
16 verbose headers   server: 'cloudflare' }
17 silly get cb [ 304,
17 silly get   { date: 'Sun, 26 Jan 2020 10:41:08 GMT',
17 silly get     connection: 'keep-alive',
17 silly get     'set-cookie':
17 silly get      [ '__cfduid=debfe8ff9d5ea153bea9706bb2c493cb91580035267; expires=Tue, 25-Feb-20 10:41:07 GMT; path=/; domain=.npmjs.org; HttpOnly; SameSite=Lax' ],
17 silly get     'cf-ray': '55b1df673927d5af-BOM',
17 silly get     'cache-control': 'public, max-age=300',
17 silly get     etag: '"73cc2a7fcb14b85c1a89fc2fccb797b1"',
17 silly get     'last-modified': 'Sat, 26 May 2018 15:57:01 GMT',
17 silly get     vary: 'Accept-Encoding',
17 silly get     'cf-cache-status': 'REVALIDATED',
17 silly get     'expect-ct': 'max-age=604800, report-uri="https://report-uri.cloudflare.com/cdn-cgi/beacon/expect-ct"',
17 silly get     server: 'cloudflare' } ]
18 verbose etag https://registry.npmjs.org/Camera from cache
19 verbose get saving Camera to /home/user/.npm/registry.npmjs.org/Camera/.cache.json
20 verbose stack Error: Unpublished by habor on 2016-07-20T09:00:15.019Z
20 verbose stack     at /usr/share/npm/lib/view.js:112:14
20 verbose stack     at saved (/usr/share/npm/lib/cache/caching-client.js:168:7)
20 verbose stack     at /usr/share/npm/node_modules/graceful-fs/polyfills.js:210:7
20 verbose stack     at FSReqWrap.oncomplete (fs.js:135:15)
21 verbose statusCode 404
22 verbose pkgid Camera
23 verbose cwd /home/user/nirbhay
24 error Linux 5.0.0-37-generic
25 error argv "/usr/bin/node" "/usr/bin/npm" "view" "Camera" "--json"
26 error node v8.10.0
27 error npm  v3.5.2
28 error code E404
29 error 404 Unpublished by habor on 2016-07-20T09:00:15.019Z
30 error 404
31 error 404 'Camera' is not in the npm registry.
32 error 404 Your package name is not valid, because
33 error 404 1. name can no longer contain capital letters
34 error 404 Note that you can also install from a
35 error 404 tarball, folder, http url, or git url.
36 verbose exit [ 1, true ]
